Using pre-set license
Built from '2020.3/release' branch; Version is '2020.3.1f1 (77a89f25062f) revision 7841951'; Using compiler version '192528614'; Build Type 'Release'
OS: 'Windows 10 Pro; OS build 18363.1556; Version 1909; 64bit' Language: 'tr' Physical Memory: 16279 MB
BatchMode: 1, IsHumanControllingUs: 0, StartBugReporterOnCrash: 0, Is64bit: 1, IsPro: 0

 COMMAND LINE ARGUMENTS:
C:\Program Files\Unity\Editor\2020.3.1f1\Editor\Unity.exe
-adb2
-batchMode
-noUpm
-name
AssetImportWorker0
-projectPath
A:/fatihUnity/Balloon
-logFile
Logs/AssetImportWorker0.log
-srvPort
55960
Successfully changed project path to: A:/fatihUnity/Balloon
A:/fatihUnity/Balloon
Using Asset Import Pipeline V2.
Refreshing native plugins compatible for Editor in 36.15 ms, found 0 plugins.
Preloading 0 native plugins for Editor in 0.00 ms.
Initialize engine version: 2020.3.1f1 (77a89f25062f)
[Subsystems] Discovering subsystems at path C:/Program Files/Unity/Editor/2020.3.1f1/Editor/Data/Resources/UnitySubsystems
[Subsystems] Discovering subsystems at path A:/fatihUnity/Balloon/Assets
GfxDevice: creating device client; threaded=0
Direct3D:
    Version:  Direct3D 11.0 [level 11.0]
    Renderer: NVIDIA GeForce GTX 960M (ID=0x139b)
    Vendor:   
    VRAM:     2010 MB
    Driver:   26.21.14.4274
Initialize mono
Mono path[0] = 'C:/Program Files/Unity/Editor/2020.3.1f1/Editor/Data/Managed'
Mono path[1] = 'C:/Program Files/Unity/Editor/2020.3.1f1/Editor/Data/MonoBleedingEdge/lib/mono/unityjit'
Mono config path = 'C:/Program Files/Unity/Editor/2020.3.1f1/Editor/Data/MonoBleedingEdge/etc'
Using monoOptions --debugger-agent=transport=dt_socket,embedding=1,server=y,suspend=n,address=127.0.0.1:56612
Begin MonoManager ReloadAssembly
Registering precompiled unity dll's ...
Register platform support module: C:/Program Files/Unity/Editor/2020.3.1f1/Editor/Data/PlaybackEngines/WindowsStandaloneSupport/UnityEditor.WindowsStandalone.Extensions.dll
Registered in 0.003115 seconds.
Native extension for WindowsStandalone target not found
Refreshing native plugins compatible for Editor in 41.08 ms, found 0 plugins.
Preloading 0 native plugins for Editor in 0.00 ms.
Invoked RoslynAnalysisRunner static constructor.
RoslynAnalysisRunner will not be running.
RoslynAnalysisRunner has terminated.
Mono: successfully reloaded assembly
- Completed reload, in  1.646 seconds
Platform modules already initialized, skipping
Registering precompiled user dll's ...
Registered in 0.000796 seconds.
Begin MonoManager ReloadAssembly
Native extension for WindowsStandalone target not found
Refreshing native plugins compatible for Editor in 0.48 ms, found 0 plugins.
Preloading 0 native plugins for Editor in 0.00 ms.
Invoked RoslynAnalysisRunner static constructor.
RoslynAnalysisRunner will not be running.
RoslynAnalysisRunner has terminated.
Mono: successfully reloaded assembly
- Completed reload, in  1.276 seconds
Platform modules already initialized, skipping
========================================================================
Worker process is ready to serve import requests
Launched and connected shader compiler UnityShaderCompiler.exe after 0.06 seconds
Refreshing native plugins compatible for Editor in 0.36 ms, found 0 plugins.
Preloading 0 native plugins for Editor in 0.00 ms.
Unloading 1214 Unused Serialized files (Serialized files now loaded: 0)
System memory in use before: 59.6 MB.
System memory in use after: 59.6 MB.

Unloading 22 unused Assets to reduce memory usage. Loaded Objects now: 1644.
Total: 2.536000 ms (FindLiveObjects: 0.225800 ms CreateObjectMapping: 0.078700 ms MarkObjects: 2.153500 ms  DeleteObjects: 0.076600 ms)

========================================================================
Received Import Request.
  path: Assets/Assets/Scripts/Balloon.cs
  artifactKey: Guid(8ec58cfaeaa78a749a1a7485fd95b3c1) Importer(815301076,1909f56bfc062723c751e8b465ee728b)
Start importing Assets/Assets/Scripts/Balloon.cs using Guid(8ec58cfaeaa78a749a1a7485fd95b3c1) Importer(815301076,1909f56bfc062723c751e8b465ee728b)  -> (artifact id: 'dfad84f6fe6a70b33e0a08619a87ff02') in 0.025100 seconds
  Import took 0.028095 seconds .

========================================================================
Received Prepare
Registering precompiled user dll's ...
Registered in 0.001034 seconds.
Begin MonoManager ReloadAssembly
Native extension for WindowsStandalone target not found
Refreshing native plugins compatible for Editor in 0.33 ms, found 0 plugins.
Preloading 0 native plugins for Editor in 0.00 ms.
Invoked RoslynAnalysisRunner static constructor.
RoslynAnalysisRunner will not be running.
RoslynAnalysisRunner has terminated.
Mono: successfully reloaded assembly
- Completed reload, in  1.063 seconds
Platform modules already initialized, skipping
Refreshing native plugins compatible for Editor in 0.41 ms, found 0 plugins.
Preloading 0 native plugins for Editor in 0.00 ms.
Unloading 1208 Unused Serialized files (Serialized files now loaded: 0)
System memory in use before: 59.4 MB.
System memory in use after: 59.5 MB.

Unloading 17 unused Assets to reduce memory usage. Loaded Objects now: 1647.
Total: 2.169000 ms (FindLiveObjects: 0.234000 ms CreateObjectMapping: 0.090700 ms MarkObjects: 1.819100 ms  DeleteObjects: 0.023700 ms)

========================================================================
Received Import Request.
  Time since last request: 571.034039 seconds.
  path: Assets/Assets/Scripts/Balloon.cs
  artifactKey: Guid(8ec58cfaeaa78a749a1a7485fd95b3c1) Importer(815301076,1909f56bfc062723c751e8b465ee728b)
Start importing Assets/Assets/Scripts/Balloon.cs using Guid(8ec58cfaeaa78a749a1a7485fd95b3c1) Importer(815301076,1909f56bfc062723c751e8b465ee728b)  -> (artifact id: '229252fb2ce4bf59e0535f62d560a889') in 0.004958 seconds
  Import took 0.007590 seconds .

========================================================================
Received Prepare
Registering precompiled user dll's ...
Registered in 0.000548 seconds.
Begin MonoManager ReloadAssembly
Native extension for WindowsStandalone target not found
Refreshing native plugins compatible for Editor in 0.58 ms, found 0 plugins.
Preloading 0 native plugins for Editor in 0.00 ms.
Invoked RoslynAnalysisRunner static constructor.
RoslynAnalysisRunner will not be running.
RoslynAnalysisRunner has terminated.
Mono: successfully reloaded assembly
- Completed reload, in  1.049 seconds
Platform modules already initialized, skipping
Refreshing native plugins compatible for Editor in 0.60 ms, found 0 plugins.
Preloading 0 native plugins for Editor in 0.00 ms.
Unloading 1208 Unused Serialized files (Serialized files now loaded: 0)
System memory in use before: 59.5 MB.
System memory in use after: 59.6 MB.

Unloading 17 unused Assets to reduce memory usage. Loaded Objects now: 1650.
Total: 3.213900 ms (FindLiveObjects: 0.735200 ms CreateObjectMapping: 0.186900 ms MarkObjects: 2.228500 ms  DeleteObjects: 0.061900 ms)

========================================================================
Received Import Request.
  Time since last request: 162.061311 seconds.
  path: Assets
  artifactKey: Guid(00000000000000001000000000000000) Importer(815301076,1909f56bfc062723c751e8b465ee728b)
Start importing Assets using Guid(00000000000000001000000000000000) Importer(815301076,1909f56bfc062723c751e8b465ee728b)  -> (artifact id: 'a6374019befeac6ce670f13ba9960efb') in 0.012436 seconds
  Import took 0.015663 seconds .

========================================================================
Received Import Request.
  Time since last request: 10.031568 seconds.
  path: Assets/Mats
  artifactKey: Guid(a8fbba77f2fcd8647881c2b65f186dc6) Importer(815301076,1909f56bfc062723c751e8b465ee728b)
Start importing Assets/Mats using Guid(a8fbba77f2fcd8647881c2b65f186dc6) Importer(815301076,1909f56bfc062723c751e8b465ee728b)  -> (artifact id: 'fefdc3b24717a21d92d792f268306a92') in 0.010154 seconds
  Import took 0.012659 seconds .

========================================================================
Received Import Request.
  Time since last request: 0.135494 seconds.
  path: Assets/Mats/1.mat
  artifactKey: Guid(8d6d032eb2c6e6241863412296949467) Importer(815301076,1909f56bfc062723c751e8b465ee728b)
Start importing Assets/Mats/1.mat using Guid(8d6d032eb2c6e6241863412296949467) Importer(815301076,1909f56bfc062723c751e8b465ee728b)  -> (artifact id: '402d4eb0314d49f190cab3638e1e739b') in 0.124590 seconds
  Import took 0.127245 seconds .

========================================================================
Received Import Request.
  Time since last request: 0.000316 seconds.
  path: Assets/Mats/2.mat
  artifactKey: Guid(52614ad6dfdb82d4aa76aedea6489bae) Importer(815301076,1909f56bfc062723c751e8b465ee728b)
Start importing Assets/Mats/2.mat using Guid(52614ad6dfdb82d4aa76aedea6489bae) Importer(815301076,1909f56bfc062723c751e8b465ee728b)  -> (artifact id: '5bff0a1d640d1cb62ff6876a48123ed9') in 0.018039 seconds
  Import took 0.020435 seconds .

========================================================================
Received Import Request.
  Time since last request: 0.000390 seconds.
  path: Assets/Mats/4.mat
  artifactKey: Guid(e61e5f2d090e04045be16959aa878fff) Importer(815301076,1909f56bfc062723c751e8b465ee728b)
Start importing Assets/Mats/4.mat using Guid(e61e5f2d090e04045be16959aa878fff) Importer(815301076,1909f56bfc062723c751e8b465ee728b)  -> (artifact id: '273d474b365789cd26fc09cdb6e33d0f') in 0.022626 seconds
  Import took 0.026270 seconds .

========================================================================
Received Import Request.
  Time since last request: 0.000427 seconds.
  path: Assets/Mats/5.mat
  artifactKey: Guid(bcab153f62d732944b792a80f1d70b9e) Importer(815301076,1909f56bfc062723c751e8b465ee728b)
Start importing Assets/Mats/5.mat using Guid(bcab153f62d732944b792a80f1d70b9e) Importer(815301076,1909f56bfc062723c751e8b465ee728b)  -> (artifact id: 'a5f390da8f1ad691ed27e8b992f897d3') in 0.018931 seconds
  Import took 0.021851 seconds .

========================================================================
Received Import Request.
  Time since last request: 0.000245 seconds.
  path: Assets/Mats/3.mat
  artifactKey: Guid(85f21b85d9e3dd0469b3986bc18a6c47) Importer(815301076,1909f56bfc062723c751e8b465ee728b)
Start importing Assets/Mats/3.mat using Guid(85f21b85d9e3dd0469b3986bc18a6c47) Importer(815301076,1909f56bfc062723c751e8b465ee728b)  -> (artifact id: 'cc38a234fc02982bc879f280a4caf4f6') in 0.016205 seconds
  Import took 0.018851 seconds .

========================================================================
Received Prepare
Registering precompiled user dll's ...
Registered in 0.000525 seconds.
Begin MonoManager ReloadAssembly
Native extension for WindowsStandalone target not found
Refreshing native plugins compatible for Editor in 0.59 ms, found 0 plugins.
Preloading 0 native plugins for Editor in 0.00 ms.
Invoked RoslynAnalysisRunner static constructor.
RoslynAnalysisRunner will not be running.
RoslynAnalysisRunner has terminated.
Mono: successfully reloaded assembly
- Completed reload, in  1.034 seconds
Platform modules already initialized, skipping
Refreshing native plugins compatible for Editor in 0.44 ms, found 0 plugins.
Preloading 0 native plugins for Editor in 0.00 ms.
Unloading 1208 Unused Serialized files (Serialized files now loaded: 0)
System memory in use before: 62.8 MB.
System memory in use after: 62.9 MB.

Unloading 17 unused Assets to reduce memory usage. Loaded Objects now: 1693.
Total: 2.477200 ms (FindLiveObjects: 0.390100 ms CreateObjectMapping: 0.054400 ms MarkObjects: 2.012900 ms  DeleteObjects: 0.018500 ms)

========================================================================
Received Prepare
Registering precompiled user dll's ...
Registered in 0.000770 seconds.
Begin MonoManager ReloadAssembly
Native extension for WindowsStandalone target not found
Refreshing native plugins compatible for Editor in 0.54 ms, found 0 plugins.
Preloading 0 native plugins for Editor in 0.00 ms.
Invoked RoslynAnalysisRunner static constructor.
RoslynAnalysisRunner will not be running.
RoslynAnalysisRunner has terminated.
Mono: successfully reloaded assembly
- Completed reload, in  1.267 seconds
Platform modules already initialized, skipping
Refreshing native plugins compatible for Editor in 0.41 ms, found 0 plugins.
Preloading 0 native plugins for Editor in 0.00 ms.
Unloading 1208 Unused Serialized files (Serialized files now loaded: 0)
System memory in use before: 62.8 MB.
System memory in use after: 62.9 MB.

Unloading 17 unused Assets to reduce memory usage. Loaded Objects now: 1696.
Total: 2.752400 ms (FindLiveObjects: 0.371600 ms CreateObjectMapping: 0.170800 ms MarkObjects: 2.189100 ms  DeleteObjects: 0.019300 ms)

========================================================================
Received Prepare
Registering precompiled user dll's ...
Registered in 0.000798 seconds.
Begin MonoManager ReloadAssembly
Native extension for WindowsStandalone target not found
Refreshing native plugins compatible for Editor in 0.69 ms, found 0 plugins.
Preloading 0 native plugins for Editor in 0.00 ms.
Invoked RoslynAnalysisRunner static constructor.
RoslynAnalysisRunner will not be running.
RoslynAnalysisRunner has terminated.
Mono: successfully reloaded assembly
- Completed reload, in  1.339 seconds
Platform modules already initialized, skipping
Refreshing native plugins compatible for Editor in 0.34 ms, found 0 plugins.
Preloading 0 native plugins for Editor in 0.00 ms.
Unloading 1208 Unused Serialized files (Serialized files now loaded: 0)
System memory in use before: 62.8 MB.
System memory in use after: 62.9 MB.

Unloading 17 unused Assets to reduce memory usage. Loaded Objects now: 1699.
Total: 2.665200 ms (FindLiveObjects: 0.189900 ms CreateObjectMapping: 0.044600 ms MarkObjects: 2.405500 ms  DeleteObjects: 0.024200 ms)

========================================================================
Received Prepare
Registering precompiled user dll's ...
Registered in 0.000693 seconds.
Begin MonoManager ReloadAssembly
Native extension for WindowsStandalone target not found
Refreshing native plugins compatible for Editor in 0.34 ms, found 0 plugins.
Preloading 0 native plugins for Editor in 0.00 ms.
Invoked RoslynAnalysisRunner static constructor.
RoslynAnalysisRunner will not be running.
RoslynAnalysisRunner has terminated.
Mono: successfully reloaded assembly
- Completed reload, in  0.956 seconds
Platform modules already initialized, skipping
Refreshing native plugins compatible for Editor in 0.35 ms, found 0 plugins.
Preloading 0 native plugins for Editor in 0.00 ms.
Unloading 1208 Unused Serialized files (Serialized files now loaded: 0)
System memory in use before: 62.8 MB.
System memory in use after: 62.9 MB.

Unloading 17 unused Assets to reduce memory usage. Loaded Objects now: 1702.
Total: 1.767800 ms (FindLiveObjects: 0.145100 ms CreateObjectMapping: 0.041600 ms MarkObjects: 1.563300 ms  DeleteObjects: 0.016700 ms)

========================================================================
Received Prepare
Registering precompiled user dll's ...
Registered in 0.000661 seconds.
Begin MonoManager ReloadAssembly
Native extension for WindowsStandalone target not found
Refreshing native plugins compatible for Editor in 0.68 ms, found 0 plugins.
Preloading 0 native plugins for Editor in 0.00 ms.
Invoked RoslynAnalysisRunner static constructor.
RoslynAnalysisRunner will not be running.
RoslynAnalysisRunner has terminated.
Mono: successfully reloaded assembly
- Completed reload, in  0.927 seconds
Platform modules already initialized, skipping
Refreshing native plugins compatible for Editor in 0.34 ms, found 0 plugins.
Preloading 0 native plugins for Editor in 0.00 ms.
Unloading 1208 Unused Serialized files (Serialized files now loaded: 0)
System memory in use before: 62.9 MB.
System memory in use after: 63.0 MB.

Unloading 17 unused Assets to reduce memory usage. Loaded Objects now: 1705.
Total: 2.003900 ms (FindLiveObjects: 0.160600 ms CreateObjectMapping: 0.099100 ms MarkObjects: 1.728500 ms  DeleteObjects: 0.014800 ms)

========================================================================
Received Import Request.
  Time since last request: 664.165362 seconds.
  path: Assets/Scenes
  artifactKey: Guid(f7b66c42ee145314083f073e99178630) Importer(815301076,1909f56bfc062723c751e8b465ee728b)
Start importing Assets/Scenes using Guid(f7b66c42ee145314083f073e99178630) Importer(815301076,1909f56bfc062723c751e8b465ee728b)  -> (artifact id: 'df4fd64081f2ed29e7edf56343668c07') in 0.005862 seconds
  Import took 0.008375 seconds .

========================================================================
Received Import Request.
  Time since last request: 0.009687 seconds.
  path: Assets/Scenes
  artifactKey: Guid(f7b66c42ee145314083f073e99178630) Importer(815301076,1909f56bfc062723c751e8b465ee728b)
Start importing Assets/Scenes using Guid(f7b66c42ee145314083f073e99178630) Importer(815301076,1909f56bfc062723c751e8b465ee728b)  -> (artifact id: 'df4fd64081f2ed29e7edf56343668c07') in 0.002306 seconds
  Import took 0.004674 seconds .

========================================================================
Received Import Request.
  Time since last request: 2.162586 seconds.
  path: Assets/Assets
  artifactKey: Guid(1674181fb10cbed4f9cb6a437f15e6c3) Importer(815301076,1909f56bfc062723c751e8b465ee728b)
Start importing Assets/Assets using Guid(1674181fb10cbed4f9cb6a437f15e6c3) Importer(815301076,1909f56bfc062723c751e8b465ee728b)  -> (artifact id: 'f70b811d20333ad5399d7a41af46ea4f') in 0.002597 seconds
  Import took 0.005834 seconds .

========================================================================
Received Import Request.
  Time since last request: 2.718576 seconds.
  path: Assets/Assets/Scripts/Balloon.prefab
  artifactKey: Guid(86ac0e43214503c42b5e6349037dad36) Importer(815301076,1909f56bfc062723c751e8b465ee728b)
Start importing Assets/Assets/Scripts/Balloon.prefab using Guid(86ac0e43214503c42b5e6349037dad36) Importer(815301076,1909f56bfc062723c751e8b465ee728b)  -> (artifact id: '59381e5c118d617e8c809b3cc8fb14d3') in 0.066167 seconds
  Import took 0.069271 seconds .

========================================================================
Received Import Request.
  Time since last request: 241.855371 seconds.
  path: Assets/Mats/New Material.mat
  artifactKey: Guid(fdaf1482c003e0d4ea238fb570d83aff) Importer(815301076,1909f56bfc062723c751e8b465ee728b)
Start importing Assets/Mats/New Material.mat using Guid(fdaf1482c003e0d4ea238fb570d83aff) Importer(815301076,1909f56bfc062723c751e8b465ee728b)  -> (artifact id: '488ef46ffac8f67e9e4f7941b834a6a5') in 0.035748 seconds
  Import took 0.038821 seconds .

========================================================================
Received Import Request.
  Time since last request: 255.778993 seconds.
  path: Assets/Mats/Rope.mat
  artifactKey: Guid(fdaf1482c003e0d4ea238fb570d83aff) Importer(815301076,1909f56bfc062723c751e8b465ee728b)
Start importing Assets/Mats/Rope.mat using Guid(fdaf1482c003e0d4ea238fb570d83aff) Importer(815301076,1909f56bfc062723c751e8b465ee728b)  -> (artifact id: 'd34a5a4cd567ed0c3154a0b95468c740') in 0.018261 seconds
  Import took 0.021176 seconds .

========================================================================
Received Import Request.
  Time since last request: 33.780210 seconds.
  path: Assets/Assets/Scripts/Balloon.prefab
  artifactKey: Guid(86ac0e43214503c42b5e6349037dad36) Importer(815301076,1909f56bfc062723c751e8b465ee728b)
Start importing Assets/Assets/Scripts/Balloon.prefab using Guid(86ac0e43214503c42b5e6349037dad36) Importer(815301076,1909f56bfc062723c751e8b465ee728b)  -> (artifact id: '0e07d4e985fb8ddfaf8636295e21eb02') in 0.015476 seconds
  Import took 0.018804 seconds .

========================================================================
Received Prepare
Registering precompiled user dll's ...
Registered in 0.000983 seconds.
Begin MonoManager ReloadAssembly
Native extension for WindowsStandalone target not found
Refreshing native plugins compatible for Editor in 0.50 ms, found 0 plugins.
Preloading 0 native plugins for Editor in 0.00 ms.
Invoked RoslynAnalysisRunner static constructor.
RoslynAnalysisRunner will not be running.
RoslynAnalysisRunner has terminated.
Mono: successfully reloaded assembly
- Completed reload, in  0.898 seconds
Platform modules already initialized, skipping
Refreshing native plugins compatible for Editor in 0.34 ms, found 0 plugins.
Preloading 0 native plugins for Editor in 0.00 ms.
Unloading 1208 Unused Serialized files (Serialized files now loaded: 0)
System memory in use before: 63.0 MB.
System memory in use after: 63.1 MB.

Unloading 17 unused Assets to reduce memory usage. Loaded Objects now: 1711.
Total: 2.286100 ms (FindLiveObjects: 0.288700 ms CreateObjectMapping: 0.047000 ms MarkObjects: 1.930400 ms  DeleteObjects: 0.018900 ms)

========================================================================
Received Import Request.
  Time since last request: 457.929751 seconds.
  path: Assets/Assets/Scripts/Balloon.prefab
  artifactKey: Guid(86ac0e43214503c42b5e6349037dad36) Importer(815301076,1909f56bfc062723c751e8b465ee728b)
Start importing Assets/Assets/Scripts/Balloon.prefab using Guid(86ac0e43214503c42b5e6349037dad36) Importer(815301076,1909f56bfc062723c751e8b465ee728b)  -> (artifact id: 'f1cbc0c5ef7532d756add0249af5fa85') in 0.067840 seconds
  Import took 0.070566 seconds .

========================================================================
Received Prepare
Registering precompiled user dll's ...
Registered in 0.000780 seconds.
Begin MonoManager ReloadAssembly
Native extension for WindowsStandalone target not found
Refreshing native plugins compatible for Editor in 0.34 ms, found 0 plugins.
Preloading 0 native plugins for Editor in 0.00 ms.
Invoked RoslynAnalysisRunner static constructor.
RoslynAnalysisRunner will not be running.
RoslynAnalysisRunner has terminated.
Mono: successfully reloaded assembly
- Completed reload, in  0.939 seconds
Platform modules already initialized, skipping
Refreshing native plugins compatible for Editor in 0.46 ms, found 0 plugins.
Preloading 0 native plugins for Editor in 0.00 ms.
Unloading 1208 Unused Serialized files (Serialized files now loaded: 0)
System memory in use before: 63.0 MB.
System memory in use after: 63.1 MB.

Unloading 17 unused Assets to reduce memory usage. Loaded Objects now: 1715.
Total: 2.122100 ms (FindLiveObjects: 0.226900 ms CreateObjectMapping: 0.040200 ms MarkObjects: 1.837700 ms  DeleteObjects: 0.016400 ms)

========================================================================
Received Import Request.
  Time since last request: 42.314911 seconds.
  path: Assets/Assets/Scripts/Balloon.prefab
  artifactKey: Guid(86ac0e43214503c42b5e6349037dad36) Importer(815301076,1909f56bfc062723c751e8b465ee728b)
Start importing Assets/Assets/Scripts/Balloon.prefab using Guid(86ac0e43214503c42b5e6349037dad36) Importer(815301076,1909f56bfc062723c751e8b465ee728b)  -> (artifact id: '9de3c4e244e2e089a0d56f6405d6aa40') in 0.073979 seconds
  Import took 0.077629 seconds .

========================================================================
Received Prepare
Registering precompiled user dll's ...
Registered in 0.000931 seconds.
Begin MonoManager ReloadAssembly
Native extension for WindowsStandalone target not found
Refreshing native plugins compatible for Editor in 0.32 ms, found 0 plugins.
Preloading 0 native plugins for Editor in 0.00 ms.
Invoked RoslynAnalysisRunner static constructor.
RoslynAnalysisRunner will not be running.
RoslynAnalysisRunner has terminated.
Mono: successfully reloaded assembly
- Completed reload, in  0.852 seconds
Platform modules already initialized, skipping
Refreshing native plugins compatible for Editor in 0.40 ms, found 0 plugins.
Preloading 0 native plugins for Editor in 0.00 ms.
Unloading 1208 Unused Serialized files (Serialized files now loaded: 0)
System memory in use before: 63.0 MB.
System memory in use after: 63.1 MB.

Unloading 17 unused Assets to reduce memory usage. Loaded Objects now: 1719.
Total: 2.048100 ms (FindLiveObjects: 0.149100 ms CreateObjectMapping: 0.036300 ms MarkObjects: 1.846200 ms  DeleteObjects: 0.015800 ms)

========================================================================
Received Import Request.
  Time since last request: 176.201254 seconds.
  path: Assets/Assets/Scripts/Balloon.prefab
  artifactKey: Guid(86ac0e43214503c42b5e6349037dad36) Importer(815301076,1909f56bfc062723c751e8b465ee728b)
Start importing Assets/Assets/Scripts/Balloon.prefab using Guid(86ac0e43214503c42b5e6349037dad36) Importer(815301076,1909f56bfc062723c751e8b465ee728b)  -> (artifact id: 'b96688110f2a6c3bc6899da52b055929') in 0.064413 seconds
  Import took 0.066790 seconds .

========================================================================
Received Prepare
Registering precompiled user dll's ...
Registered in 0.000464 seconds.
Begin MonoManager ReloadAssembly
Native extension for WindowsStandalone target not found
Refreshing native plugins compatible for Editor in 0.33 ms, found 0 plugins.
Preloading 0 native plugins for Editor in 0.00 ms.
Invoked RoslynAnalysisRunner static constructor.
RoslynAnalysisRunner will not be running.
RoslynAnalysisRunner has terminated.
Mono: successfully reloaded assembly
- Completed reload, in  0.924 seconds
Platform modules already initialized, skipping
Refreshing native plugins compatible for Editor in 0.35 ms, found 0 plugins.
Preloading 0 native plugins for Editor in 0.00 ms.
Unloading 1208 Unused Serialized files (Serialized files now loaded: 0)
System memory in use before: 63.0 MB.
System memory in use after: 63.1 MB.

Unloading 17 unused Assets to reduce memory usage. Loaded Objects now: 1723.
Total: 1.737500 ms (FindLiveObjects: 0.244700 ms CreateObjectMapping: 0.042400 ms MarkObjects: 1.434500 ms  DeleteObjects: 0.015000 ms)

========================================================================
Received Prepare
Registering precompiled user dll's ...
Registered in 0.000550 seconds.
Begin MonoManager ReloadAssembly
Native extension for WindowsStandalone target not found
Refreshing native plugins compatible for Editor in 0.33 ms, found 0 plugins.
Preloading 0 native plugins for Editor in 0.00 ms.
Invoked RoslynAnalysisRunner static constructor.
RoslynAnalysisRunner will not be running.
RoslynAnalysisRunner has terminated.
Mono: successfully reloaded assembly
- Completed reload, in  0.980 seconds
Platform modules already initialized, skipping
Refreshing native plugins compatible for Editor in 0.51 ms, found 0 plugins.
Preloading 0 native plugins for Editor in 0.00 ms.
Unloading 1208 Unused Serialized files (Serialized files now loaded: 0)
System memory in use before: 63.0 MB.
System memory in use after: 63.1 MB.

Unloading 17 unused Assets to reduce memory usage. Loaded Objects now: 1726.
Total: 2.685800 ms (FindLiveObjects: 0.292300 ms CreateObjectMapping: 0.104500 ms MarkObjects: 2.231600 ms  DeleteObjects: 0.055700 ms)

========================================================================
Received Import Request.
  Time since last request: 324.441167 seconds.
  path: Assets/Assets/Scripts/Balloon.prefab
  artifactKey: Guid(86ac0e43214503c42b5e6349037dad36) Importer(815301076,1909f56bfc062723c751e8b465ee728b)
Start importing Assets/Assets/Scripts/Balloon.prefab using Guid(86ac0e43214503c42b5e6349037dad36) Importer(815301076,1909f56bfc062723c751e8b465ee728b)  -> (artifact id: '6ac1dd7f619d675c33629a9160727d8b') in 0.083010 seconds
  Import took 0.086935 seconds .

========================================================================
Received Prepare
Registering precompiled user dll's ...
Registered in 0.000583 seconds.
Begin MonoManager ReloadAssembly
Native extension for WindowsStandalone target not found
Refreshing native plugins compatible for Editor in 0.62 ms, found 0 plugins.
Preloading 0 native plugins for Editor in 0.00 ms.
Invoked RoslynAnalysisRunner static constructor.
RoslynAnalysisRunner will not be running.
RoslynAnalysisRunner has terminated.
Mono: successfully reloaded assembly
- Completed reload, in  0.967 seconds
Platform modules already initialized, skipping
Refreshing native plugins compatible for Editor in 0.35 ms, found 0 plugins.
Preloading 0 native plugins for Editor in 0.00 ms.
Unloading 1208 Unused Serialized files (Serialized files now loaded: 0)
System memory in use before: 63.1 MB.
System memory in use after: 63.2 MB.

Unloading 17 unused Assets to reduce memory usage. Loaded Objects now: 1730.
Total: 1.978300 ms (FindLiveObjects: 0.196600 ms CreateObjectMapping: 0.039900 ms MarkObjects: 1.707400 ms  DeleteObjects: 0.033300 ms)

========================================================================
Received Import Request.
  Time since last request: 38.069099 seconds.
  path: Assets/Assets/Scripts/Balloon.prefab
  artifactKey: Guid(86ac0e43214503c42b5e6349037dad36) Importer(815301076,1909f56bfc062723c751e8b465ee728b)
Start importing Assets/Assets/Scripts/Balloon.prefab using Guid(86ac0e43214503c42b5e6349037dad36) Importer(815301076,1909f56bfc062723c751e8b465ee728b)  -> (artifact id: '79f73200f28336c4eb9143abdee2f012') in 0.063949 seconds
  Import took 0.066307 seconds .

========================================================================
Received Import Request.
  Time since last request: 6008.831164 seconds.
  path: Assets/Assets/Scripts/Balloon.prefab
  artifactKey: Guid(86ac0e43214503c42b5e6349037dad36) Importer(815301076,1909f56bfc062723c751e8b465ee728b)
Start importing Assets/Assets/Scripts/Balloon.prefab using Guid(86ac0e43214503c42b5e6349037dad36) Importer(815301076,1909f56bfc062723c751e8b465ee728b)  -> (artifact id: 'a9d48a0fed7bee7e1a7bb96fb670b54a') in 0.020905 seconds
  Import took 0.024914 seconds .

========================================================================
Received Prepare
Registering precompiled user dll's ...
Registered in 0.000670 seconds.
Begin MonoManager ReloadAssembly
Native extension for WindowsStandalone target not found
Refreshing native plugins compatible for Editor in 0.34 ms, found 0 plugins.
Preloading 0 native plugins for Editor in 0.00 ms.
Invoked RoslynAnalysisRunner static constructor.
RoslynAnalysisRunner will not be running.
RoslynAnalysisRunner has terminated.
Mono: successfully reloaded assembly
- Completed reload, in  0.965 seconds
Platform modules already initialized, skipping
Refreshing native plugins compatible for Editor in 0.44 ms, found 0 plugins.
Preloading 0 native plugins for Editor in 0.00 ms.
Unloading 1208 Unused Serialized files (Serialized files now loaded: 0)
System memory in use before: 63.1 MB.
System memory in use after: 63.2 MB.

Unloading 17 unused Assets to reduce memory usage. Loaded Objects now: 1734.
Total: 2.035900 ms (FindLiveObjects: 0.300000 ms CreateObjectMapping: 0.045800 ms MarkObjects: 1.631100 ms  DeleteObjects: 0.058100 ms)

========================================================================
Received Prepare
Registering precompiled user dll's ...
Registered in 0.000578 seconds.
Begin MonoManager ReloadAssembly
Native extension for WindowsStandalone target not found
Refreshing native plugins compatible for Editor in 0.52 ms, found 0 plugins.
Preloading 0 native plugins for Editor in 0.00 ms.
Invoked RoslynAnalysisRunner static constructor.
RoslynAnalysisRunner will not be running.
RoslynAnalysisRunner has terminated.
Mono: successfully reloaded assembly
- Completed reload, in  0.954 seconds
Platform modules already initialized, skipping
Refreshing native plugins compatible for Editor in 0.36 ms, found 0 plugins.
Preloading 0 native plugins for Editor in 0.00 ms.
Unloading 1208 Unused Serialized files (Serialized files now loaded: 0)
System memory in use before: 63.1 MB.
System memory in use after: 63.2 MB.

Unloading 17 unused Assets to reduce memory usage. Loaded Objects now: 1737.
Total: 2.792600 ms (FindLiveObjects: 0.230600 ms CreateObjectMapping: 0.087900 ms MarkObjects: 2.453800 ms  DeleteObjects: 0.019300 ms)

========================================================================
Received Prepare
Registering precompiled user dll's ...
Registered in 0.000600 seconds.
Begin MonoManager ReloadAssembly
Native extension for WindowsStandalone target not found
Refreshing native plugins compatible for Editor in 0.33 ms, found 0 plugins.
Preloading 0 native plugins for Editor in 0.00 ms.
Invoked RoslynAnalysisRunner static constructor.
RoslynAnalysisRunner will not be running.
RoslynAnalysisRunner has terminated.
Mono: successfully reloaded assembly
- Completed reload, in  0.899 seconds
Platform modules already initialized, skipping
Refreshing native plugins compatible for Editor in 0.34 ms, found 0 plugins.
Preloading 0 native plugins for Editor in 0.00 ms.
Unloading 1208 Unused Serialized files (Serialized files now loaded: 0)
System memory in use before: 63.1 MB.
System memory in use after: 63.2 MB.

Unloading 17 unused Assets to reduce memory usage. Loaded Objects now: 1740.
Total: 2.202500 ms (FindLiveObjects: 0.312900 ms CreateObjectMapping: 0.099100 ms MarkObjects: 1.729300 ms  DeleteObjects: 0.060200 ms)

========================================================================
Received Import Request.
  Time since last request: 1200.062966 seconds.
  path: Assets/Assets/Scripts/Balloon.prefab
  artifactKey: Guid(86ac0e43214503c42b5e6349037dad36) Importer(815301076,1909f56bfc062723c751e8b465ee728b)
Start importing Assets/Assets/Scripts/Balloon.prefab using Guid(86ac0e43214503c42b5e6349037dad36) Importer(815301076,1909f56bfc062723c751e8b465ee728b)  -> (artifact id: '977c34df3f9b79311a885e4b8639581f') in 0.073481 seconds
  Import took 0.076494 seconds .

========================================================================
Received Prepare
Registering precompiled user dll's ...
Registered in 0.000612 seconds.
Begin MonoManager ReloadAssembly
Native extension for WindowsStandalone target not found
Refreshing native plugins compatible for Editor in 0.42 ms, found 0 plugins.
Preloading 0 native plugins for Editor in 0.00 ms.
Invoked RoslynAnalysisRunner static constructor.
RoslynAnalysisRunner will not be running.
RoslynAnalysisRunner has terminated.
Mono: successfully reloaded assembly
- Completed reload, in  1.313 seconds
Platform modules already initialized, skipping
Refreshing native plugins compatible for Editor in 0.71 ms, found 0 plugins.
Preloading 0 native plugins for Editor in 0.00 ms.
Unloading 1208 Unused Serialized files (Serialized files now loaded: 0)
System memory in use before: 63.1 MB.
System memory in use after: 63.2 MB.

Unloading 17 unused Assets to reduce memory usage. Loaded Objects now: 1744.
Total: 3.230200 ms (FindLiveObjects: 0.411700 ms CreateObjectMapping: 0.153300 ms MarkObjects: 2.640800 ms  DeleteObjects: 0.022800 ms)

========================================================================
Received Prepare
Registering precompiled user dll's ...
Registered in 0.000659 seconds.
Begin MonoManager ReloadAssembly
Native extension for WindowsStandalone target not found
Refreshing native plugins compatible for Editor in 0.44 ms, found 0 plugins.
Preloading 0 native plugins for Editor in 0.00 ms.
Invoked RoslynAnalysisRunner static constructor.
RoslynAnalysisRunner will not be running.
RoslynAnalysisRunner has terminated.
Mono: successfully reloaded assembly
- Completed reload, in  1.420 seconds
Platform modules already initialized, skipping
Refreshing native plugins compatible for Editor in 0.49 ms, found 0 plugins.
Preloading 0 native plugins for Editor in 0.00 ms.
Unloading 1208 Unused Serialized files (Serialized files now loaded: 0)
System memory in use before: 63.1 MB.
System memory in use after: 63.2 MB.

Unloading 17 unused Assets to reduce memory usage. Loaded Objects now: 1747.
Total: 2.788200 ms (FindLiveObjects: 0.213300 ms CreateObjectMapping: 0.069200 ms MarkObjects: 2.482100 ms  DeleteObjects: 0.021900 ms)

========================================================================
Received Import Request.
  Time since last request: 289.517742 seconds.
  path: Assets/Assets/Scripts/Balloon.prefab
  artifactKey: Guid(86ac0e43214503c42b5e6349037dad36) Importer(815301076,1909f56bfc062723c751e8b465ee728b)
Start importing Assets/Assets/Scripts/Balloon.prefab using Guid(86ac0e43214503c42b5e6349037dad36) Importer(815301076,1909f56bfc062723c751e8b465ee728b)  -> (artifact id: '187dff08237b6f542b94aa7e54838de8') in 0.103959 seconds
  Import took 0.107888 seconds .

========================================================================
Received Prepare
Registering precompiled user dll's ...
Registered in 0.000778 seconds.
Begin MonoManager ReloadAssembly
Native extension for WindowsStandalone target not found
Refreshing native plugins compatible for Editor in 0.49 ms, found 0 plugins.
Preloading 0 native plugins for Editor in 0.00 ms.
Invoked RoslynAnalysisRunner static constructor.
RoslynAnalysisRunner will not be running.
RoslynAnalysisRunner has terminated.
Mono: successfully reloaded assembly
- Completed reload, in  1.101 seconds
Platform modules already initialized, skipping
Refreshing native plugins compatible for Editor in 0.49 ms, found 0 plugins.
Preloading 0 native plugins for Editor in 0.00 ms.
Unloading 1208 Unused Serialized files (Serialized files now loaded: 0)
System memory in use before: 63.1 MB.
System memory in use after: 63.2 MB.

Unloading 17 unused Assets to reduce memory usage. Loaded Objects now: 1751.
Total: 9.915300 ms (FindLiveObjects: 3.553900 ms CreateObjectMapping: 0.813900 ms MarkObjects: 5.511300 ms  DeleteObjects: 0.031700 ms)

========================================================================
Received Import Request.
  Time since last request: 233.632621 seconds.
  path: Assets/Assets/Scripts/Balloon.prefab
  artifactKey: Guid(86ac0e43214503c42b5e6349037dad36) Importer(815301076,1909f56bfc062723c751e8b465ee728b)
Start importing Assets/Assets/Scripts/Balloon.prefab using Guid(86ac0e43214503c42b5e6349037dad36) Importer(815301076,1909f56bfc062723c751e8b465ee728b)  -> (artifact id: '24e0186ec3d99a6e98d3e31e11b7093a') in 0.083788 seconds
  Import took 0.088243 seconds .

========================================================================
Received Prepare
Registering precompiled user dll's ...
Registered in 0.000483 seconds.
Begin MonoManager ReloadAssembly
Native extension for WindowsStandalone target not found
Refreshing native plugins compatible for Editor in 0.86 ms, found 0 plugins.
Preloading 0 native plugins for Editor in 0.00 ms.
Invoked RoslynAnalysisRunner static constructor.
RoslynAnalysisRunner will not be running.
RoslynAnalysisRunner has terminated.
Mono: successfully reloaded assembly
- Completed reload, in  1.279 seconds
Platform modules already initialized, skipping
Refreshing native plugins compatible for Editor in 0.59 ms, found 0 plugins.
Preloading 0 native plugins for Editor in 0.00 ms.
Unloading 1208 Unused Serialized files (Serialized files now loaded: 0)
System memory in use before: 63.1 MB.
System memory in use after: 63.2 MB.

Unloading 17 unused Assets to reduce memory usage. Loaded Objects now: 1755.
Total: 2.533300 ms (FindLiveObjects: 0.248000 ms CreateObjectMapping: 0.118300 ms MarkObjects: 2.146700 ms  DeleteObjects: 0.018800 ms)

========================================================================
Received Prepare
Registering precompiled user dll's ...
Registered in 0.000871 seconds.
Begin MonoManager ReloadAssembly
Native extension for WindowsStandalone target not found
Refreshing native plugins compatible for Editor in 0.34 ms, found 0 plugins.
Preloading 0 native plugins for Editor in 0.00 ms.
Invoked RoslynAnalysisRunner static constructor.
RoslynAnalysisRunner will not be running.
RoslynAnalysisRunner has terminated.
Mono: successfully reloaded assembly
- Completed reload, in  1.294 seconds
Platform modules already initialized, skipping
Refreshing native plugins compatible for Editor in 0.47 ms, found 0 plugins.
Preloading 0 native plugins for Editor in 0.00 ms.
Unloading 1208 Unused Serialized files (Serialized files now loaded: 0)
System memory in use before: 63.1 MB.
System memory in use after: 63.2 MB.

Unloading 17 unused Assets to reduce memory usage. Loaded Objects now: 1758.
Total: 3.094900 ms (FindLiveObjects: 0.305900 ms CreateObjectMapping: 0.077300 ms MarkObjects: 2.689700 ms  DeleteObjects: 0.020600 ms)

========================================================================
Received Import Request.
  Time since last request: 118.262575 seconds.
  path: Assets/Assets/Scripts/Balloon.prefab
  artifactKey: Guid(86ac0e43214503c42b5e6349037dad36) Importer(815301076,1909f56bfc062723c751e8b465ee728b)
Start importing Assets/Assets/Scripts/Balloon.prefab using Guid(86ac0e43214503c42b5e6349037dad36) Importer(815301076,1909f56bfc062723c751e8b465ee728b)  -> (artifact id: 'd795173bbcd673e62649d2f80d264f8e') in 0.079442 seconds
  Import took 0.083291 seconds .

========================================================================
Received Prepare
Registering precompiled user dll's ...
Registered in 0.000848 seconds.
Begin MonoManager ReloadAssembly
Native extension for WindowsStandalone target not found
Refreshing native plugins compatible for Editor in 0.52 ms, found 0 plugins.
Preloading 0 native plugins for Editor in 0.00 ms.
Invoked RoslynAnalysisRunner static constructor.
RoslynAnalysisRunner will not be running.
RoslynAnalysisRunner has terminated.
Mono: successfully reloaded assembly
- Completed reload, in  1.253 seconds
Platform modules already initialized, skipping
Refreshing native plugins compatible for Editor in 0.57 ms, found 0 plugins.
Preloading 0 native plugins for Editor in 0.00 ms.
Unloading 1208 Unused Serialized files (Serialized files now loaded: 0)
System memory in use before: 63.1 MB.
System memory in use after: 63.2 MB.

Unloading 17 unused Assets to reduce memory usage. Loaded Objects now: 1762.
Total: 2.481800 ms (FindLiveObjects: 0.178600 ms CreateObjectMapping: 0.058200 ms MarkObjects: 2.182100 ms  DeleteObjects: 0.061700 ms)

========================================================================
Received Import Request.
  Time since last request: 75.169789 seconds.
  path: Assets/Assets/Scripts/New Physic Material.physicMaterial
  artifactKey: Guid(b665d9ad05f10fb4ca47b1720de985ba) Importer(815301076,1909f56bfc062723c751e8b465ee728b)
Start importing Assets/Assets/Scripts/New Physic Material.physicMaterial using Guid(b665d9ad05f10fb4ca47b1720de985ba) Importer(815301076,1909f56bfc062723c751e8b465ee728b)  -> (artifact id: 'dff9d8f3ab080e17ef40d6e68840aeb8') in 0.025434 seconds
  Import took 0.028867 seconds .

========================================================================
Received Import Request.
  Time since last request: 18.960821 seconds.
  path: Assets/Assets/Scripts/Balloon.prefab
  artifactKey: Guid(86ac0e43214503c42b5e6349037dad36) Importer(815301076,1909f56bfc062723c751e8b465ee728b)
Start importing Assets/Assets/Scripts/Balloon.prefab using Guid(86ac0e43214503c42b5e6349037dad36) Importer(815301076,1909f56bfc062723c751e8b465ee728b)  -> (artifact id: 'ac0b0a258eaa60b38c95508383ac8f35') in 0.067100 seconds
  Import took 0.069815 seconds .

========================================================================
Received Import Request.
  Time since last request: 0.000320 seconds.
  path: Assets/Assets/Scripts/New Physic Material.physicMaterial
  artifactKey: Guid(b665d9ad05f10fb4ca47b1720de985ba) Importer(815301076,1909f56bfc062723c751e8b465ee728b)
Start importing Assets/Assets/Scripts/New Physic Material.physicMaterial using Guid(b665d9ad05f10fb4ca47b1720de985ba) Importer(815301076,1909f56bfc062723c751e8b465ee728b)  -> (artifact id: 'c0d3c36aff9023ea9c762293a39019ab') in 0.002338 seconds
  Import took 0.005573 seconds .

========================================================================
Received Import Request.
  Time since last request: 9.999425 seconds.
  path: Assets/Assets/Scripts/Balloon.prefab
  artifactKey: Guid(86ac0e43214503c42b5e6349037dad36) Importer(815301076,1909f56bfc062723c751e8b465ee728b)
Start importing Assets/Assets/Scripts/Balloon.prefab using Guid(86ac0e43214503c42b5e6349037dad36) Importer(815301076,1909f56bfc062723c751e8b465ee728b)  -> (artifact id: '4140cf6a0c4dcb9e07f267fdad75f29c') in 0.013052 seconds
  Import took 0.018018 seconds .

========================================================================
Received Prepare
Registering precompiled user dll's ...
Registered in 0.000499 seconds.
Begin MonoManager ReloadAssembly
Native extension for WindowsStandalone target not found
Refreshing native plugins compatible for Editor in 0.33 ms, found 0 plugins.
Preloading 0 native plugins for Editor in 0.00 ms.
Invoked RoslynAnalysisRunner static constructor.
RoslynAnalysisRunner will not be running.
RoslynAnalysisRunner has terminated.
Mono: successfully reloaded assembly
- Completed reload, in  1.097 seconds
Platform modules already initialized, skipping
Refreshing native plugins compatible for Editor in 0.39 ms, found 0 plugins.
Preloading 0 native plugins for Editor in 0.00 ms.
Unloading 1208 Unused Serialized files (Serialized files now loaded: 0)
System memory in use before: 63.1 MB.
System memory in use after: 63.2 MB.

Unloading 17 unused Assets to reduce memory usage. Loaded Objects now: 1766.
Total: 2.038700 ms (FindLiveObjects: 0.156400 ms CreateObjectMapping: 0.038500 ms MarkObjects: 1.824900 ms  DeleteObjects: 0.017900 ms)

========================================================================
Received Prepare
Registering precompiled user dll's ...
Registered in 0.001250 seconds.
Begin MonoManager ReloadAssembly
Native extension for WindowsStandalone target not found
Refreshing native plugins compatible for Editor in 0.39 ms, found 0 plugins.
Preloading 0 native plugins for Editor in 0.00 ms.
Invoked RoslynAnalysisRunner static constructor.
RoslynAnalysisRunner will not be running.
RoslynAnalysisRunner has terminated.
Mono: successfully reloaded assembly
- Completed reload, in  1.385 seconds
Platform modules already initialized, skipping
Refreshing native plugins compatible for Editor in 0.40 ms, found 0 plugins.
Preloading 0 native plugins for Editor in 0.00 ms.
Unloading 1208 Unused Serialized files (Serialized files now loaded: 0)
System memory in use before: 63.1 MB.
System memory in use after: 63.2 MB.

Unloading 17 unused Assets to reduce memory usage. Loaded Objects now: 1769.
Total: 1.879500 ms (FindLiveObjects: 0.231500 ms CreateObjectMapping: 0.044300 ms MarkObjects: 1.581500 ms  DeleteObjects: 0.020900 ms)

========================================================================
Received Import Request.
  Time since last request: 170.822084 seconds.
  path: Assets/Assets/Scripts/Balloon.prefab
  artifactKey: Guid(86ac0e43214503c42b5e6349037dad36) Importer(815301076,1909f56bfc062723c751e8b465ee728b)
Start importing Assets/Assets/Scripts/Balloon.prefab using Guid(86ac0e43214503c42b5e6349037dad36) Importer(815301076,1909f56bfc062723c751e8b465ee728b)  -> (artifact id: '5c9571e4b14d24c8209b20dcddf3919d') in 0.077364 seconds
  Import took 0.080813 seconds .

========================================================================
Received Import Request.
  Time since last request: 0.010463 seconds.
  path: Assets/Assets/Scripts/Balloon.prefab
  artifactKey: Guid(86ac0e43214503c42b5e6349037dad36) Importer(815301076,1909f56bfc062723c751e8b465ee728b)
Start importing Assets/Assets/Scripts/Balloon.prefab using Guid(86ac0e43214503c42b5e6349037dad36) Importer(815301076,1909f56bfc062723c751e8b465ee728b)  -> (artifact id: '5c9571e4b14d24c8209b20dcddf3919d') in 0.010128 seconds
  Import took 0.014115 seconds .

========================================================================
Received Prepare
Registering precompiled user dll's ...
Registered in 0.000895 seconds.
Begin MonoManager ReloadAssembly
Native extension for WindowsStandalone target not found
Refreshing native plugins compatible for Editor in 0.47 ms, found 0 plugins.
Preloading 0 native plugins for Editor in 0.00 ms.
Invoked RoslynAnalysisRunner static constructor.
RoslynAnalysisRunner will not be running.
RoslynAnalysisRunner has terminated.
Mono: successfully reloaded assembly
- Completed reload, in  1.015 seconds
Platform modules already initialized, skipping
Refreshing native plugins compatible for Editor in 0.58 ms, found 0 plugins.
Preloading 0 native plugins for Editor in 0.00 ms.
Unloading 1208 Unused Serialized files (Serialized files now loaded: 0)
System memory in use before: 63.2 MB.
System memory in use after: 63.3 MB.

Unloading 17 unused Assets to reduce memory usage. Loaded Objects now: 1773.
Total: 2.715100 ms (FindLiveObjects: 0.207200 ms CreateObjectMapping: 0.110500 ms MarkObjects: 2.375700 ms  DeleteObjects: 0.020300 ms)

========================================================================
Received Import Request.
  Time since last request: 95.187615 seconds.
  path: Assets/Assets/Scripts/Balloon.prefab
  artifactKey: Guid(86ac0e43214503c42b5e6349037dad36) Importer(815301076,1909f56bfc062723c751e8b465ee728b)
Start importing Assets/Assets/Scripts/Balloon.prefab using Guid(86ac0e43214503c42b5e6349037dad36) Importer(815301076,1909f56bfc062723c751e8b465ee728b)  -> (artifact id: '9318fb8ae451dcd5330761350e197986') in 0.071133 seconds
  Import took 0.073820 seconds .

========================================================================
Received Prepare
Registering precompiled user dll's ...
Registered in 0.000895 seconds.
Begin MonoManager ReloadAssembly
Native extension for WindowsStandalone target not found
Refreshing native plugins compatible for Editor in 0.35 ms, found 0 plugins.
Preloading 0 native plugins for Editor in 0.00 ms.
Invoked RoslynAnalysisRunner static constructor.
RoslynAnalysisRunner will not be running.
RoslynAnalysisRunner has terminated.
Mono: successfully reloaded assembly
- Completed reload, in  1.036 seconds
Platform modules already initialized, skipping
Refreshing native plugins compatible for Editor in 0.74 ms, found 0 plugins.
Preloading 0 native plugins for Editor in 0.00 ms.
Unloading 1208 Unused Serialized files (Serialized files now loaded: 0)
System memory in use before: 63.2 MB.
System memory in use after: 63.3 MB.

Unloading 17 unused Assets to reduce memory usage. Loaded Objects now: 1777.
Total: 2.136500 ms (FindLiveObjects: 0.169700 ms CreateObjectMapping: 0.042100 ms MarkObjects: 1.906400 ms  DeleteObjects: 0.017400 ms)

========================================================================
Received Import Request.
  Time since last request: 37.268118 seconds.
  path: Assets/Assets/Scripts/Balloon.prefab
  artifactKey: Guid(86ac0e43214503c42b5e6349037dad36) Importer(815301076,1909f56bfc062723c751e8b465ee728b)
Start importing Assets/Assets/Scripts/Balloon.prefab using Guid(86ac0e43214503c42b5e6349037dad36) Importer(815301076,1909f56bfc062723c751e8b465ee728b)  -> (artifact id: 'd6e47b49cae99bca9eeebcf13a885035') in 0.075994 seconds
  Import took 0.078944 seconds .

========================================================================
Received Prepare
Registering precompiled user dll's ...
Registered in 0.000588 seconds.
Begin MonoManager ReloadAssembly
Native extension for WindowsStandalone target not found
Refreshing native plugins compatible for Editor in 0.45 ms, found 0 plugins.
Preloading 0 native plugins for Editor in 0.00 ms.
Invoked RoslynAnalysisRunner static constructor.
RoslynAnalysisRunner will not be running.
RoslynAnalysisRunner has terminated.
Mono: successfully reloaded assembly
- Completed reload, in  1.009 seconds
Platform modules already initialized, skipping
Refreshing native plugins compatible for Editor in 0.35 ms, found 0 plugins.
Preloading 0 native plugins for Editor in 0.00 ms.
Unloading 1208 Unused Serialized files (Serialized files now loaded: 0)
System memory in use before: 63.2 MB.
System memory in use after: 63.3 MB.

Unloading 17 unused Assets to reduce memory usage. Loaded Objects now: 1781.
Total: 1.867400 ms (FindLiveObjects: 0.162900 ms CreateObjectMapping: 0.038900 ms MarkObjects: 1.647500 ms  DeleteObjects: 0.015700 ms)

========================================================================
Received Import Request.
  Time since last request: 22.979953 seconds.
  path: Assets/Assets/Scripts/Balloon.prefab
  artifactKey: Guid(86ac0e43214503c42b5e6349037dad36) Importer(815301076,1909f56bfc062723c751e8b465ee728b)
Start importing Assets/Assets/Scripts/Balloon.prefab using Guid(86ac0e43214503c42b5e6349037dad36) Importer(815301076,1909f56bfc062723c751e8b465ee728b)  -> (artifact id: 'a2b71847acb751c2d9fca538bede9568') in 0.080674 seconds
  Import took 0.084040 seconds .

========================================================================
Received Prepare
Registering precompiled user dll's ...
Registered in 0.000843 seconds.
Begin MonoManager ReloadAssembly
Native extension for WindowsStandalone target not found
Refreshing native plugins compatible for Editor in 0.35 ms, found 0 plugins.
Preloading 0 native plugins for Editor in 0.00 ms.
Invoked RoslynAnalysisRunner static constructor.
RoslynAnalysisRunner will not be running.
RoslynAnalysisRunner has terminated.
Mono: successfully reloaded assembly
- Completed reload, in  1.014 seconds
Platform modules already initialized, skipping
Refreshing native plugins compatible for Editor in 0.41 ms, found 0 plugins.
Preloading 0 native plugins for Editor in 0.00 ms.
Unloading 1208 Unused Serialized files (Serialized files now loaded: 0)
System memory in use before: 63.2 MB.
System memory in use after: 63.3 MB.

Unloading 17 unused Assets to reduce memory usage. Loaded Objects now: 1785.
Total: 2.124700 ms (FindLiveObjects: 0.221900 ms CreateObjectMapping: 0.041600 ms MarkObjects: 1.842400 ms  DeleteObjects: 0.017900 ms)

========================================================================
Received Import Request.
  Time since last request: 77.628320 seconds.
  path: Assets/Assets/Scripts/Balloon.prefab
  artifactKey: Guid(86ac0e43214503c42b5e6349037dad36) Importer(815301076,1909f56bfc062723c751e8b465ee728b)
Start importing Assets/Assets/Scripts/Balloon.prefab using Guid(86ac0e43214503c42b5e6349037dad36) Importer(815301076,1909f56bfc062723c751e8b465ee728b)  -> (artifact id: '65bd270581d8eff040670611870bdd91') in 0.065726 seconds
  Import took 0.068827 seconds .

========================================================================
Received Prepare
Registering precompiled user dll's ...
Registered in 0.000629 seconds.
Begin MonoManager ReloadAssembly
Native extension for WindowsStandalone target not found
Refreshing native plugins compatible for Editor in 0.34 ms, found 0 plugins.
Preloading 0 native plugins for Editor in 0.00 ms.
Invoked RoslynAnalysisRunner static constructor.
RoslynAnalysisRunner will not be running.
RoslynAnalysisRunner has terminated.
Mono: successfully reloaded assembly
- Completed reload, in  1.020 seconds
Platform modules already initialized, skipping
Refreshing native plugins compatible for Editor in 0.63 ms, found 0 plugins.
Preloading 0 native plugins for Editor in 0.00 ms.
Unloading 1208 Unused Serialized files (Serialized files now loaded: 0)
System memory in use before: 63.2 MB.
System memory in use after: 63.3 MB.

Unloading 17 unused Assets to reduce memory usage. Loaded Objects now: 1789.
Total: 2.914000 ms (FindLiveObjects: 0.157900 ms CreateObjectMapping: 0.037000 ms MarkObjects: 2.658400 ms  DeleteObjects: 0.059400 ms)

========================================================================
Received Import Request.
  Time since last request: 46.622168 seconds.
  path: Assets/Assets/Scripts/Balloon.prefab
  artifactKey: Guid(86ac0e43214503c42b5e6349037dad36) Importer(815301076,1909f56bfc062723c751e8b465ee728b)
Start importing Assets/Assets/Scripts/Balloon.prefab using Guid(86ac0e43214503c42b5e6349037dad36) Importer(815301076,1909f56bfc062723c751e8b465ee728b)  -> (artifact id: '8c27376c9c80ab6ed5271a89fc8de1d6') in 0.069992 seconds
  Import took 0.072500 seconds .

========================================================================
Received Prepare
Registering precompiled user dll's ...
Registered in 0.000552 seconds.
Begin MonoManager ReloadAssembly
Native extension for WindowsStandalone target not found
Refreshing native plugins compatible for Editor in 0.58 ms, found 0 plugins.
Preloading 0 native plugins for Editor in 0.00 ms.
Invoked RoslynAnalysisRunner static constructor.
RoslynAnalysisRunner will not be running.
RoslynAnalysisRunner has terminated.
Mono: successfully reloaded assembly
- Completed reload, in  1.068 seconds
Platform modules already initialized, skipping
Refreshing native plugins compatible for Editor in 0.38 ms, found 0 plugins.
Preloading 0 native plugins for Editor in 0.00 ms.
Unloading 1208 Unused Serialized files (Serialized files now loaded: 0)
System memory in use before: 63.2 MB.
System memory in use after: 63.3 MB.

Unloading 17 unused Assets to reduce memory usage. Loaded Objects now: 1793.
Total: 2.244600 ms (FindLiveObjects: 0.165600 ms CreateObjectMapping: 0.042300 ms MarkObjects: 2.016800 ms  DeleteObjects: 0.019000 ms)

========================================================================
Received Import Request.
  Time since last request: 31.897609 seconds.
  path: Assets/Assets/Scripts/Balloon.prefab
  artifactKey: Guid(86ac0e43214503c42b5e6349037dad36) Importer(815301076,1909f56bfc062723c751e8b465ee728b)
Start importing Assets/Assets/Scripts/Balloon.prefab using Guid(86ac0e43214503c42b5e6349037dad36) Importer(815301076,1909f56bfc062723c751e8b465ee728b)  -> (artifact id: 'b3b08855552e8dbfe9cb6a1db8b6874b') in 0.068417 seconds
  Import took 0.071735 seconds .

========================================================================
Received Import Request.
  Time since last request: 2.113361 seconds.
  path: Assets/Assets/Scripts/Balloon.prefab
  artifactKey: Guid(86ac0e43214503c42b5e6349037dad36) Importer(815301076,1909f56bfc062723c751e8b465ee728b)
Start importing Assets/Assets/Scripts/Balloon.prefab using Guid(86ac0e43214503c42b5e6349037dad36) Importer(815301076,1909f56bfc062723c751e8b465ee728b)  -> (artifact id: 'b3b08855552e8dbfe9cb6a1db8b6874b') in 0.009299 seconds
  Import took 0.012498 seconds .

========================================================================
Received Prepare
Registering precompiled user dll's ...
Registered in 0.000497 seconds.
Begin MonoManager ReloadAssembly
Native extension for WindowsStandalone target not found
Refreshing native plugins compatible for Editor in 0.35 ms, found 0 plugins.
Preloading 0 native plugins for Editor in 0.00 ms.
Invoked RoslynAnalysisRunner static constructor.
RoslynAnalysisRunner will not be running.
RoslynAnalysisRunner has terminated.
Mono: successfully reloaded assembly
- Completed reload, in  1.033 seconds
Platform modules already initialized, skipping
Refreshing native plugins compatible for Editor in 0.36 ms, found 0 plugins.
Preloading 0 native plugins for Editor in 0.00 ms.
Unloading 1208 Unused Serialized files (Serialized files now loaded: 0)
System memory in use before: 63.2 MB.
System memory in use after: 63.3 MB.

Unloading 17 unused Assets to reduce memory usage. Loaded Objects now: 1797.
Total: 1.954200 ms (FindLiveObjects: 0.194800 ms CreateObjectMapping: 0.037000 ms MarkObjects: 1.704000 ms  DeleteObjects: 0.017600 ms)

========================================================================
Received Prepare
Registering precompiled user dll's ...
Registered in 0.000624 seconds.
Begin MonoManager ReloadAssembly
Native extension for WindowsStandalone target not found
Refreshing native plugins compatible for Editor in 0.47 ms, found 0 plugins.
Preloading 0 native plugins for Editor in 0.00 ms.
Invoked RoslynAnalysisRunner static constructor.
RoslynAnalysisRunner will not be running.
RoslynAnalysisRunner has terminated.
Mono: successfully reloaded assembly
- Completed reload, in  1.072 seconds
Platform modules already initialized, skipping
Refreshing native plugins compatible for Editor in 0.34 ms, found 0 plugins.
Preloading 0 native plugins for Editor in 0.00 ms.
Unloading 1208 Unused Serialized files (Serialized files now loaded: 0)
System memory in use before: 63.2 MB.
System memory in use after: 63.3 MB.

Unloading 17 unused Assets to reduce memory usage. Loaded Objects now: 1800.
Total: 2.876700 ms (FindLiveObjects: 0.169800 ms CreateObjectMapping: 0.048100 ms MarkObjects: 2.608600 ms  DeleteObjects: 0.048800 ms)

========================================================================
Received Prepare
Registering precompiled user dll's ...
Registered in 0.000995 seconds.
Begin MonoManager ReloadAssembly
Native extension for WindowsStandalone target not found
Refreshing native plugins compatible for Editor in 0.50 ms, found 0 plugins.
Preloading 0 native plugins for Editor in 0.00 ms.
Invoked RoslynAnalysisRunner static constructor.
RoslynAnalysisRunner will not be running.
RoslynAnalysisRunner has terminated.
Mono: successfully reloaded assembly
- Completed reload, in  1.285 seconds
Platform modules already initialized, skipping
Refreshing native plugins compatible for Editor in 0.39 ms, found 0 plugins.
Preloading 0 native plugins for Editor in 0.00 ms.
Unloading 1208 Unused Serialized files (Serialized files now loaded: 0)
System memory in use before: 63.2 MB.
System memory in use after: 63.4 MB.

Unloading 17 unused Assets to reduce memory usage. Loaded Objects now: 1803.
Total: 2.612300 ms (FindLiveObjects: 0.307400 ms CreateObjectMapping: 0.112000 ms MarkObjects: 2.172400 ms  DeleteObjects: 0.019000 ms)

========================================================================
Received Import Request.
  Time since last request: 131.837056 seconds.
  path: Assets/Assets/Scripts/Balloon.prefab
  artifactKey: Guid(86ac0e43214503c42b5e6349037dad36) Importer(815301076,1909f56bfc062723c751e8b465ee728b)
Start importing Assets/Assets/Scripts/Balloon.prefab using Guid(86ac0e43214503c42b5e6349037dad36) Importer(815301076,1909f56bfc062723c751e8b465ee728b)  -> (artifact id: '39ee82b47f83bb5d77e38f5ae96b685b') in 0.078470 seconds
  Import took 0.080996 seconds .

========================================================================
Received Import Request.
  Time since last request: 0.011189 seconds.
  path: Assets/Assets/Scripts/Balloon.prefab
  artifactKey: Guid(86ac0e43214503c42b5e6349037dad36) Importer(815301076,1909f56bfc062723c751e8b465ee728b)
Start importing Assets/Assets/Scripts/Balloon.prefab using Guid(86ac0e43214503c42b5e6349037dad36) Importer(815301076,1909f56bfc062723c751e8b465ee728b)  -> (artifact id: '39ee82b47f83bb5d77e38f5ae96b685b') in 0.010812 seconds
  Import took 0.014671 seconds .

========================================================================
Received Prepare
Registering precompiled user dll's ...
Registered in 0.000673 seconds.
Begin MonoManager ReloadAssembly
Native extension for WindowsStandalone target not found
Refreshing native plugins compatible for Editor in 0.75 ms, found 0 plugins.
Preloading 0 native plugins for Editor in 0.00 ms.
Invoked RoslynAnalysisRunner static constructor.
RoslynAnalysisRunner will not be running.
RoslynAnalysisRunner has terminated.
Mono: successfully reloaded assembly
- Completed reload, in  1.088 seconds
Platform modules already initialized, skipping
Refreshing native plugins compatible for Editor in 0.36 ms, found 0 plugins.
Preloading 0 native plugins for Editor in 0.00 ms.
Unloading 1208 Unused Serialized files (Serialized files now loaded: 0)
System memory in use before: 63.3 MB.
System memory in use after: 63.4 MB.

Unloading 17 unused Assets to reduce memory usage. Loaded Objects now: 1807.
Total: 3.457300 ms (FindLiveObjects: 0.145300 ms CreateObjectMapping: 0.040600 ms MarkObjects: 3.219600 ms  DeleteObjects: 0.049900 ms)

========================================================================
Received Import Request.
  Time since last request: 256.676428 seconds.
  path: Assets/Assets/Scripts/Balloon.prefab
  artifactKey: Guid(86ac0e43214503c42b5e6349037dad36) Importer(815301076,1909f56bfc062723c751e8b465ee728b)
Start importing Assets/Assets/Scripts/Balloon.prefab using Guid(86ac0e43214503c42b5e6349037dad36) Importer(815301076,1909f56bfc062723c751e8b465ee728b)  -> (artifact id: 'd4d356e02910d254557f606ddc988fdf') in 0.068951 seconds
  Import took 0.071663 seconds .

========================================================================
Received Prepare
Registering precompiled user dll's ...
Registered in 0.000496 seconds.
Begin MonoManager ReloadAssembly
Native extension for WindowsStandalone target not found
Refreshing native plugins compatible for Editor in 0.34 ms, found 0 plugins.
Preloading 0 native plugins for Editor in 0.00 ms.
Invoked RoslynAnalysisRunner static constructor.
RoslynAnalysisRunner will not be running.
RoslynAnalysisRunner has terminated.
Mono: successfully reloaded assembly
- Completed reload, in  1.184 seconds
Platform modules already initialized, skipping
Refreshing native plugins compatible for Editor in 0.52 ms, found 0 plugins.
Preloading 0 native plugins for Editor in 0.00 ms.
Unloading 1208 Unused Serialized files (Serialized files now loaded: 0)
System memory in use before: 63.3 MB.
System memory in use after: 63.4 MB.

Unloading 17 unused Assets to reduce memory usage. Loaded Objects now: 1811.
Total: 2.256500 ms (FindLiveObjects: 0.182700 ms CreateObjectMapping: 0.042200 ms MarkObjects: 1.992700 ms  DeleteObjects: 0.037800 ms)

========================================================================
Received Import Request.
  Time since last request: 63.416266 seconds.
  path: Assets/Assets/Scripts/Balloon.prefab
  artifactKey: Guid(86ac0e43214503c42b5e6349037dad36) Importer(815301076,1909f56bfc062723c751e8b465ee728b)
Start importing Assets/Assets/Scripts/Balloon.prefab using Guid(86ac0e43214503c42b5e6349037dad36) Importer(815301076,1909f56bfc062723c751e8b465ee728b)  -> (artifact id: 'd8cc64d93d09e6efc14c06dee983301d') in 0.073820 seconds
  Import took 0.077678 seconds .

========================================================================
Received Prepare
Registering precompiled user dll's ...
Registered in 0.000937 seconds.
Begin MonoManager ReloadAssembly
Native extension for WindowsStandalone target not found
Refreshing native plugins compatible for Editor in 0.60 ms, found 0 plugins.
Preloading 0 native plugins for Editor in 0.00 ms.
Invoked RoslynAnalysisRunner static constructor.
RoslynAnalysisRunner will not be running.
RoslynAnalysisRunner has terminated.
Mono: successfully reloaded assembly
- Completed reload, in  1.424 seconds
Platform modules already initialized, skipping
Refreshing native plugins compatible for Editor in 0.39 ms, found 0 plugins.
Preloading 0 native plugins for Editor in 0.00 ms.
Unloading 1208 Unused Serialized files (Serialized files now loaded: 0)
System memory in use before: 63.3 MB.
System memory in use after: 63.4 MB.

Unloading 17 unused Assets to reduce memory usage. Loaded Objects now: 1815.
Total: 3.884800 ms (FindLiveObjects: 0.354400 ms CreateObjectMapping: 0.100700 ms MarkObjects: 3.400300 ms  DeleteObjects: 0.027600 ms)

========================================================================
Received Import Request.
  Time since last request: 160.343969 seconds.
  path: Assets/Assets/Scripts/Balloon.prefab
  artifactKey: Guid(86ac0e43214503c42b5e6349037dad36) Importer(815301076,1909f56bfc062723c751e8b465ee728b)
Start importing Assets/Assets/Scripts/Balloon.prefab using Guid(86ac0e43214503c42b5e6349037dad36) Importer(815301076,1909f56bfc062723c751e8b465ee728b)  -> (artifact id: '1890ee08c8eaea6cb87d6c8d56a9c351') in 0.091606 seconds
  Import took 0.095858 seconds .

========================================================================
Received Prepare
Registering precompiled user dll's ...
Registered in 0.000842 seconds.
Begin MonoManager ReloadAssembly
Native extension for WindowsStandalone target not found
Refreshing native plugins compatible for Editor in 0.87 ms, found 0 plugins.
Preloading 0 native plugins for Editor in 0.00 ms.
Invoked RoslynAnalysisRunner static constructor.
RoslynAnalysisRunner will not be running.
RoslynAnalysisRunner has terminated.
Mono: successfully reloaded assembly
- Completed reload, in  1.364 seconds
Platform modules already initialized, skipping
Refreshing native plugins compatible for Editor in 0.34 ms, found 0 plugins.
Preloading 0 native plugins for Editor in 0.00 ms.
Unloading 1208 Unused Serialized files (Serialized files now loaded: 0)
System memory in use before: 63.3 MB.
System memory in use after: 63.4 MB.

Unloading 17 unused Assets to reduce memory usage. Loaded Objects now: 1819.
Total: 3.218800 ms (FindLiveObjects: 0.224200 ms CreateObjectMapping: 0.040100 ms MarkObjects: 2.824700 ms  DeleteObjects: 0.126600 ms)

========================================================================
Received Import Request.
  Time since last request: 64.593776 seconds.
  path: Assets/Assets/Scripts/Balloon.prefab
  artifactKey: Guid(86ac0e43214503c42b5e6349037dad36) Importer(815301076,1909f56bfc062723c751e8b465ee728b)
Start importing Assets/Assets/Scripts/Balloon.prefab using Guid(86ac0e43214503c42b5e6349037dad36) Importer(815301076,1909f56bfc062723c751e8b465ee728b)  -> (artifact id: '72b92dc21757ade6a668ad87afd324dd') in 0.065655 seconds
  Import took 0.068740 seconds .

========================================================================
Received Prepare
Registering precompiled user dll's ...
Registered in 0.000868 seconds.
Begin MonoManager ReloadAssembly
Native extension for WindowsStandalone target not found
Refreshing native plugins compatible for Editor in 0.41 ms, found 0 plugins.
Preloading 0 native plugins for Editor in 0.00 ms.
Invoked RoslynAnalysisRunner static constructor.
RoslynAnalysisRunner will not be running.
RoslynAnalysisRunner has terminated.
Mono: successfully reloaded assembly
- Completed reload, in  1.064 seconds
Platform modules already initialized, skipping
Refreshing native plugins compatible for Editor in 0.34 ms, found 0 plugins.
Preloading 0 native plugins for Editor in 0.00 ms.
Unloading 1208 Unused Serialized files (Serialized files now loaded: 0)
System memory in use before: 63.3 MB.
System memory in use after: 63.4 MB.

Unloading 17 unused Assets to reduce memory usage. Loaded Objects now: 1823.
Total: 2.827600 ms (FindLiveObjects: 0.234200 ms CreateObjectMapping: 0.095800 ms MarkObjects: 2.432600 ms  DeleteObjects: 0.042200 ms)

========================================================================
Received Import Request.
  Time since last request: 28.297333 seconds.
  path: Assets/Assets/Scripts/Balloon.prefab
  artifactKey: Guid(86ac0e43214503c42b5e6349037dad36) Importer(815301076,1909f56bfc062723c751e8b465ee728b)
Start importing Assets/Assets/Scripts/Balloon.prefab using Guid(86ac0e43214503c42b5e6349037dad36) Importer(815301076,1909f56bfc062723c751e8b465ee728b)  -> (artifact id: '6c77b8f4de65ad5a74d3c06c07cdee58') in 0.067866 seconds
  Import took 0.070520 seconds .

========================================================================
Received Prepare
Registering precompiled user dll's ...
Registered in 0.000621 seconds.
Begin MonoManager ReloadAssembly
Native extension for WindowsStandalone target not found
Refreshing native plugins compatible for Editor in 0.49 ms, found 0 plugins.
Preloading 0 native plugins for Editor in 0.00 ms.
Invoked RoslynAnalysisRunner static constructor.
RoslynAnalysisRunner will not be running.
RoslynAnalysisRunner has terminated.
Mono: successfully reloaded assembly
- Completed reload, in  1.151 seconds
Platform modules already initialized, skipping
Refreshing native plugins compatible for Editor in 0.43 ms, found 0 plugins.
Preloading 0 native plugins for Editor in 0.00 ms.
Unloading 1208 Unused Serialized files (Serialized files now loaded: 0)
System memory in use before: 63.3 MB.
System memory in use after: 63.4 MB.

Unloading 17 unused Assets to reduce memory usage. Loaded Objects now: 1827.
Total: 3.724200 ms (FindLiveObjects: 0.243800 ms CreateObjectMapping: 0.053400 ms MarkObjects: 3.379400 ms  DeleteObjects: 0.046400 ms)

========================================================================
Received Import Request.
  Time since last request: 29.632303 seconds.
  path: Assets/Assets/Scripts/Balloon.prefab
  artifactKey: Guid(86ac0e43214503c42b5e6349037dad36) Importer(815301076,1909f56bfc062723c751e8b465ee728b)
Start importing Assets/Assets/Scripts/Balloon.prefab using Guid(86ac0e43214503c42b5e6349037dad36) Importer(815301076,1909f56bfc062723c751e8b465ee728b)  -> (artifact id: 'cb0578518a79534243ff8a10ab7a5d57') in 0.099290 seconds
  Import took 0.102303 seconds .

========================================================================
Received Prepare
Registering precompiled user dll's ...
Registered in 0.000533 seconds.
Begin MonoManager ReloadAssembly
Native extension for WindowsStandalone target not found
Refreshing native plugins compatible for Editor in 0.54 ms, found 0 plugins.
Preloading 0 native plugins for Editor in 0.00 ms.
Invoked RoslynAnalysisRunner static constructor.
RoslynAnalysisRunner will not be running.
RoslynAnalysisRunner has terminated.
Mono: successfully reloaded assembly
- Completed reload, in  1.273 seconds
Platform modules already initialized, skipping
Refreshing native plugins compatible for Editor in 0.48 ms, found 0 plugins.
Preloading 0 native plugins for Editor in 0.00 ms.
Unloading 1208 Unused Serialized files (Serialized files now loaded: 0)
System memory in use before: 63.3 MB.
System memory in use after: 63.4 MB.

Unloading 17 unused Assets to reduce memory usage. Loaded Objects now: 1831.
Total: 2.014400 ms (FindLiveObjects: 0.184700 ms CreateObjectMapping: 0.039100 ms MarkObjects: 1.773700 ms  DeleteObjects: 0.015900 ms)

========================================================================
Received Import Request.
  Time since last request: 48.676877 seconds.
  path: Assets/Assets/Scripts/Balloon.prefab
  artifactKey: Guid(86ac0e43214503c42b5e6349037dad36) Importer(815301076,1909f56bfc062723c751e8b465ee728b)
Start importing Assets/Assets/Scripts/Balloon.prefab using Guid(86ac0e43214503c42b5e6349037dad36) Importer(815301076,1909f56bfc062723c751e8b465ee728b)  -> (artifact id: '60de07d34d30649823f17520567e4839') in 0.064874 seconds
  Import took 0.067515 seconds .

========================================================================
Received Prepare
Registering precompiled user dll's ...
Registered in 0.000578 seconds.
Begin MonoManager ReloadAssembly
Native extension for WindowsStandalone target not found
Refreshing native plugins compatible for Editor in 0.34 ms, found 0 plugins.
Preloading 0 native plugins for Editor in 0.00 ms.
Invoked RoslynAnalysisRunner static constructor.
RoslynAnalysisRunner will not be running.
RoslynAnalysisRunner has terminated.
Mono: successfully reloaded assembly
- Completed reload, in  1.104 seconds
Platform modules already initialized, skipping
Refreshing native plugins compatible for Editor in 0.41 ms, found 0 plugins.
Preloading 0 native plugins for Editor in 0.00 ms.
Unloading 1208 Unused Serialized files (Serialized files now loaded: 0)
System memory in use before: 63.3 MB.
System memory in use after: 63.4 MB.

Unloading 17 unused Assets to reduce memory usage. Loaded Objects now: 1835.
Total: 2.062000 ms (FindLiveObjects: 0.187800 ms CreateObjectMapping: 0.042200 ms MarkObjects: 1.813900 ms  DeleteObjects: 0.017200 ms)

========================================================================
Received Prepare
Registering precompiled user dll's ...
Registered in 0.001168 seconds.
Begin MonoManager ReloadAssembly
Native extension for WindowsStandalone target not found
Refreshing native plugins compatible for Editor in 0.50 ms, found 0 plugins.
Preloading 0 native plugins for Editor in 0.00 ms.
Invoked RoslynAnalysisRunner static constructor.
RoslynAnalysisRunner will not be running.
RoslynAnalysisRunner has terminated.
Mono: successfully reloaded assembly
- Completed reload, in  1.301 seconds
Platform modules already initialized, skipping
Refreshing native plugins compatible for Editor in 0.74 ms, found 0 plugins.
Preloading 0 native plugins for Editor in 0.00 ms.
Unloading 1208 Unused Serialized files (Serialized files now loaded: 0)
System memory in use before: 63.3 MB.
System memory in use after: 63.4 MB.

Unloading 17 unused Assets to reduce memory usage. Loaded Objects now: 1838.
Total: 2.671000 ms (FindLiveObjects: 0.430700 ms CreateObjectMapping: 0.049700 ms MarkObjects: 2.152900 ms  DeleteObjects: 0.035600 ms)

========================================================================
Received Prepare
Registering precompiled user dll's ...
Registered in 0.000856 seconds.
Begin MonoManager ReloadAssembly
Native extension for WindowsStandalone target not found
Refreshing native plugins compatible for Editor in 0.60 ms, found 0 plugins.
Preloading 0 native plugins for Editor in 0.00 ms.
Invoked RoslynAnalysisRunner static constructor.
RoslynAnalysisRunner will not be running.
RoslynAnalysisRunner has terminated.
Mono: successfully reloaded assembly
- Completed reload, in  1.053 seconds
Platform modules already initialized, skipping
Refreshing native plugins compatible for Editor in 0.40 ms, found 0 plugins.
Preloading 0 native plugins for Editor in 0.00 ms.
Unloading 1208 Unused Serialized files (Serialized files now loaded: 0)
System memory in use before: 63.3 MB.
System memory in use after: 63.4 MB.

Unloading 17 unused Assets to reduce memory usage. Loaded Objects now: 1841.
Total: 2.234400 ms (FindLiveObjects: 0.197500 ms CreateObjectMapping: 0.041900 ms MarkObjects: 1.976800 ms  DeleteObjects: 0.017200 ms)

========================================================================
Received Import Request.
  Time since last request: 245.794304 seconds.
  path: Assets/Assets/Scripts/Balloon.prefab
  artifactKey: Guid(86ac0e43214503c42b5e6349037dad36) Importer(815301076,1909f56bfc062723c751e8b465ee728b)
Start importing Assets/Assets/Scripts/Balloon.prefab using Guid(86ac0e43214503c42b5e6349037dad36) Importer(815301076,1909f56bfc062723c751e8b465ee728b)  -> (artifact id: '0e336e17006c2d40d2bd34b3a25033a5') in 0.081998 seconds
  Import took 0.084484 seconds .

========================================================================
Received Prepare
Registering precompiled user dll's ...
Registered in 0.000540 seconds.
Begin MonoManager ReloadAssembly
Native extension for WindowsStandalone target not found
Refreshing native plugins compatible for Editor in 0.58 ms, found 0 plugins.
Preloading 0 native plugins for Editor in 0.00 ms.
Invoked RoslynAnalysisRunner static constructor.
RoslynAnalysisRunner will not be running.
RoslynAnalysisRunner has terminated.
Mono: successfully reloaded assembly
- Completed reload, in  1.147 seconds
Platform modules already initialized, skipping
Refreshing native plugins compatible for Editor in 0.76 ms, found 0 plugins.
Preloading 0 native plugins for Editor in 0.00 ms.
Unloading 1208 Unused Serialized files (Serialized files now loaded: 0)
System memory in use before: 63.4 MB.
System memory in use after: 63.5 MB.

Unloading 17 unused Assets to reduce memory usage. Loaded Objects now: 1845.
Total: 3.033100 ms (FindLiveObjects: 0.312200 ms CreateObjectMapping: 0.070200 ms MarkObjects: 2.612500 ms  DeleteObjects: 0.036700 ms)

========================================================================
Received Import Request.
  Time since last request: 189.284731 seconds.
  path: Assets/Assets/Scripts/Balloon.prefab
  artifactKey: Guid(86ac0e43214503c42b5e6349037dad36) Importer(815301076,1909f56bfc062723c751e8b465ee728b)
Start importing Assets/Assets/Scripts/Balloon.prefab using Guid(86ac0e43214503c42b5e6349037dad36) Importer(815301076,1909f56bfc062723c751e8b465ee728b)  -> (artifact id: '1a381bb2a085ae03ee5b8bf284aa4774') in 0.098549 seconds
  Import took 0.101486 seconds .

========================================================================
Received Prepare
Registering precompiled user dll's ...
Registered in 0.000534 seconds.
Begin MonoManager ReloadAssembly
Native extension for WindowsStandalone target not found
Refreshing native plugins compatible for Editor in 0.63 ms, found 0 plugins.
Preloading 0 native plugins for Editor in 0.00 ms.
Invoked RoslynAnalysisRunner static constructor.
RoslynAnalysisRunner will not be running.
RoslynAnalysisRunner has terminated.
Mono: successfully reloaded assembly
- Completed reload, in  1.404 seconds
Platform modules already initialized, skipping
Refreshing native plugins compatible for Editor in 0.60 ms, found 0 plugins.
Preloading 0 native plugins for Editor in 0.00 ms.
Unloading 1208 Unused Serialized files (Serialized files now loaded: 0)
System memory in use before: 63.4 MB.
System memory in use after: 63.5 MB.

Unloading 17 unused Assets to reduce memory usage. Loaded Objects now: 1849.
Total: 3.008000 ms (FindLiveObjects: 0.252600 ms CreateObjectMapping: 0.057800 ms MarkObjects: 2.588700 ms  DeleteObjects: 0.107500 ms)

========================================================================
Received Prepare
Registering precompiled user dll's ...
Registered in 0.001165 seconds.
Begin MonoManager ReloadAssembly
Native extension for WindowsStandalone target not found
Refreshing native plugins compatible for Editor in 0.38 ms, found 0 plugins.
Preloading 0 native plugins for Editor in 0.00 ms.
Invoked RoslynAnalysisRunner static constructor.
RoslynAnalysisRunner will not be running.
RoslynAnalysisRunner has terminated.
Mono: successfully reloaded assembly
- Completed reload, in  1.214 seconds
Platform modules already initialized, skipping
Refreshing native plugins compatible for Editor in 0.56 ms, found 0 plugins.
Preloading 0 native plugins for Editor in 0.00 ms.
Unloading 1208 Unused Serialized files (Serialized files now loaded: 0)
System memory in use before: 63.4 MB.
System memory in use after: 63.5 MB.

Unloading 17 unused Assets to reduce memory usage. Loaded Objects now: 1852.
Total: 2.585700 ms (FindLiveObjects: 0.341100 ms CreateObjectMapping: 0.077600 ms MarkObjects: 1.965500 ms  DeleteObjects: 0.200300 ms)

========================================================================
Received Prepare
Registering precompiled user dll's ...
Registered in 0.000583 seconds.
Begin MonoManager ReloadAssembly
Native extension for WindowsStandalone target not found
Refreshing native plugins compatible for Editor in 0.35 ms, found 0 plugins.
Preloading 0 native plugins for Editor in 0.00 ms.
Invoked RoslynAnalysisRunner static constructor.
RoslynAnalysisRunner will not be running.
RoslynAnalysisRunner has terminated.
Mono: successfully reloaded assembly
- Completed reload, in  1.002 seconds
Platform modules already initialized, skipping
Refreshing native plugins compatible for Editor in 0.60 ms, found 0 plugins.
Preloading 0 native plugins for Editor in 0.00 ms.
Unloading 1208 Unused Serialized files (Serialized files now loaded: 0)
System memory in use before: 63.4 MB.
System memory in use after: 63.5 MB.

Unloading 17 unused Assets to reduce memory usage. Loaded Objects now: 1855.
Total: 3.189000 ms (FindLiveObjects: 0.187000 ms CreateObjectMapping: 0.048500 ms MarkObjects: 2.894200 ms  DeleteObjects: 0.058200 ms)

========================================================================
Received Import Request.
  Time since last request: 3270.758819 seconds.
  path: Assets/Assets/Scripts/Balloon.prefab
  artifactKey: Guid(86ac0e43214503c42b5e6349037dad36) Importer(815301076,1909f56bfc062723c751e8b465ee728b)
Start importing Assets/Assets/Scripts/Balloon.prefab using Guid(86ac0e43214503c42b5e6349037dad36) Importer(815301076,1909f56bfc062723c751e8b465ee728b)  -> (artifact id: '32e7bfcd9c5ec12c9d8dea5fb65b0687') in 0.102810 seconds
  Import took 0.107208 seconds .

========================================================================
Received Prepare
Registering precompiled user dll's ...
Registered in 0.000508 seconds.
Begin MonoManager ReloadAssembly
Native extension for WindowsStandalone target not found
Refreshing native plugins compatible for Editor in 0.48 ms, found 0 plugins.
Preloading 0 native plugins for Editor in 0.00 ms.
Invoked RoslynAnalysisRunner static constructor.
RoslynAnalysisRunner will not be running.
RoslynAnalysisRunner has terminated.
Mono: successfully reloaded assembly
- Completed reload, in  1.201 seconds
Platform modules already initialized, skipping
Refreshing native plugins compatible for Editor in 0.37 ms, found 0 plugins.
Preloading 0 native plugins for Editor in 0.00 ms.
Unloading 1208 Unused Serialized files (Serialized files now loaded: 0)
System memory in use before: 63.4 MB.
System memory in use after: 63.5 MB.

Unloading 17 unused Assets to reduce memory usage. Loaded Objects now: 1859.
Total: 2.126700 ms (FindLiveObjects: 0.151300 ms CreateObjectMapping: 0.040600 ms MarkObjects: 1.918000 ms  DeleteObjects: 0.016100 ms)

========================================================================
Received Prepare
Registering precompiled user dll's ...
Registered in 0.000542 seconds.
Begin MonoManager ReloadAssembly
Native extension for WindowsStandalone target not found
Refreshing native plugins compatible for Editor in 0.35 ms, found 0 plugins.
Preloading 0 native plugins for Editor in 0.00 ms.
Invoked RoslynAnalysisRunner static constructor.
RoslynAnalysisRunner will not be running.
RoslynAnalysisRunner has terminated.
Mono: successfully reloaded assembly
- Completed reload, in  1.117 seconds
Platform modules already initialized, skipping
Refreshing native plugins compatible for Editor in 0.36 ms, found 0 plugins.
Preloading 0 native plugins for Editor in 0.00 ms.
Unloading 1208 Unused Serialized files (Serialized files now loaded: 0)
System memory in use before: 63.4 MB.
System memory in use after: 63.5 MB.

Unloading 17 unused Assets to reduce memory usage. Loaded Objects now: 1862.
Total: 3.333300 ms (FindLiveObjects: 0.366000 ms CreateObjectMapping: 0.064600 ms MarkObjects: 2.838100 ms  DeleteObjects: 0.063700 ms)

========================================================================
Received Prepare
Registering precompiled user dll's ...
Registered in 0.000545 seconds.
Begin MonoManager ReloadAssembly
Native extension for WindowsStandalone target not found
Refreshing native plugins compatible for Editor in 0.49 ms, found 0 plugins.
Preloading 0 native plugins for Editor in 0.00 ms.
Invoked RoslynAnalysisRunner static constructor.
RoslynAnalysisRunner will not be running.
RoslynAnalysisRunner has terminated.
Mono: successfully reloaded assembly
- Completed reload, in  1.126 seconds
Platform modules already initialized, skipping
Refreshing native plugins compatible for Editor in 0.54 ms, found 0 plugins.
Preloading 0 native plugins for Editor in 0.00 ms.
Unloading 1208 Unused Serialized files (Serialized files now loaded: 0)
System memory in use before: 63.4 MB.
System memory in use after: 63.5 MB.

Unloading 17 unused Assets to reduce memory usage. Loaded Objects now: 1865.
Total: 3.136600 ms (FindLiveObjects: 0.226000 ms CreateObjectMapping: 0.108500 ms MarkObjects: 2.781100 ms  DeleteObjects: 0.019900 ms)

========================================================================
Received Prepare
Registering precompiled user dll's ...
Registered in 0.000930 seconds.
Begin MonoManager ReloadAssembly
Native extension for WindowsStandalone target not found
Refreshing native plugins compatible for Editor in 0.43 ms, found 0 plugins.
Preloading 0 native plugins for Editor in 0.00 ms.
Invoked RoslynAnalysisRunner static constructor.
RoslynAnalysisRunner will not be running.
RoslynAnalysisRunner has terminated.
Mono: successfully reloaded assembly
- Completed reload, in  1.155 seconds
Platform modules already initialized, skipping
Refreshing native plugins compatible for Editor in 0.38 ms, found 0 plugins.
Preloading 0 native plugins for Editor in 0.00 ms.
Unloading 1208 Unused Serialized files (Serialized files now loaded: 0)
System memory in use before: 63.4 MB.
System memory in use after: 63.5 MB.

Unloading 17 unused Assets to reduce memory usage. Loaded Objects now: 1868.
Total: 2.671400 ms (FindLiveObjects: 0.351100 ms CreateObjectMapping: 0.164100 ms MarkObjects: 2.136100 ms  DeleteObjects: 0.018900 ms)

========================================================================
Received Prepare
Registering precompiled user dll's ...
Registered in 0.000958 seconds.
Begin MonoManager ReloadAssembly
Native extension for WindowsStandalone target not found
Refreshing native plugins compatible for Editor in 0.35 ms, found 0 plugins.
Preloading 0 native plugins for Editor in 0.00 ms.
Invoked RoslynAnalysisRunner static constructor.
RoslynAnalysisRunner will not be running.
RoslynAnalysisRunner has terminated.
Mono: successfully reloaded assembly
- Completed reload, in  1.035 seconds
Platform modules already initialized, skipping
Refreshing native plugins compatible for Editor in 0.67 ms, found 0 plugins.
Preloading 0 native plugins for Editor in 0.00 ms.
Unloading 1208 Unused Serialized files (Serialized files now loaded: 0)
System memory in use before: 63.4 MB.
System memory in use after: 63.5 MB.

Unloading 17 unused Assets to reduce memory usage. Loaded Objects now: 1871.
Total: 3.020900 ms (FindLiveObjects: 0.184200 ms CreateObjectMapping: 0.057800 ms MarkObjects: 2.741100 ms  DeleteObjects: 0.036900 ms)

========================================================================
Received Import Request.
  Time since last request: 628.629888 seconds.
  path: Assets/Assets/Scripts/Balloon.prefab
  artifactKey: Guid(86ac0e43214503c42b5e6349037dad36) Importer(815301076,1909f56bfc062723c751e8b465ee728b)
Start importing Assets/Assets/Scripts/Balloon.prefab using Guid(86ac0e43214503c42b5e6349037dad36) Importer(815301076,1909f56bfc062723c751e8b465ee728b)  -> (artifact id: 'a073f1b6d91050a4630314d1a4cf81f8') in 0.071241 seconds
  Import took 0.073938 seconds .

========================================================================
Received Prepare
Registering precompiled user dll's ...
Registered in 0.001329 seconds.
Begin MonoManager ReloadAssembly
Native extension for WindowsStandalone target not found
Refreshing native plugins compatible for Editor in 0.34 ms, found 0 plugins.
Preloading 0 native plugins for Editor in 0.00 ms.
Invoked RoslynAnalysisRunner static constructor.
RoslynAnalysisRunner will not be running.
RoslynAnalysisRunner has terminated.
Mono: successfully reloaded assembly
- Completed reload, in  1.361 seconds
Platform modules already initialized, skipping
Refreshing native plugins compatible for Editor in 0.62 ms, found 0 plugins.
Preloading 0 native plugins for Editor in 0.00 ms.
Unloading 1208 Unused Serialized files (Serialized files now loaded: 0)
System memory in use before: 63.4 MB.
System memory in use after: 63.5 MB.

Unloading 17 unused Assets to reduce memory usage. Loaded Objects now: 1875.
Total: 3.821400 ms (FindLiveObjects: 0.323500 ms CreateObjectMapping: 0.072900 ms MarkObjects: 3.390100 ms  DeleteObjects: 0.033100 ms)

========================================================================
Received Prepare
Registering precompiled user dll's ...
Registered in 0.000602 seconds.
Begin MonoManager ReloadAssembly
Native extension for WindowsStandalone target not found
Refreshing native plugins compatible for Editor in 0.36 ms, found 0 plugins.
Preloading 0 native plugins for Editor in 0.00 ms.
Invoked RoslynAnalysisRunner static constructor.
RoslynAnalysisRunner will not be running.
RoslynAnalysisRunner has terminated.
Mono: successfully reloaded assembly
- Completed reload, in  1.029 seconds
Platform modules already initialized, skipping
Refreshing native plugins compatible for Editor in 0.52 ms, found 0 plugins.
Preloading 0 native plugins for Editor in 0.00 ms.
Unloading 1208 Unused Serialized files (Serialized files now loaded: 0)
System memory in use before: 63.4 MB.
System memory in use after: 63.5 MB.

Unloading 17 unused Assets to reduce memory usage. Loaded Objects now: 1878.
Total: 2.964700 ms (FindLiveObjects: 0.603300 ms CreateObjectMapping: 0.121300 ms MarkObjects: 2.198800 ms  DeleteObjects: 0.023200 ms)

========================================================================
Received Prepare
Registering precompiled user dll's ...
Registered in 0.000566 seconds.
Begin MonoManager ReloadAssembly
Native extension for WindowsStandalone target not found
Refreshing native plugins compatible for Editor in 0.43 ms, found 0 plugins.
Preloading 0 native plugins for Editor in 0.00 ms.
Invoked RoslynAnalysisRunner static constructor.
RoslynAnalysisRunner will not be running.
RoslynAnalysisRunner has terminated.
Mono: successfully reloaded assembly
- Completed reload, in  1.065 seconds
Platform modules already initialized, skipping
Refreshing native plugins compatible for Editor in 0.36 ms, found 0 plugins.
Preloading 0 native plugins for Editor in 0.00 ms.
Unloading 1208 Unused Serialized files (Serialized files now loaded: 0)
System memory in use before: 63.4 MB.
System memory in use after: 63.5 MB.

Unloading 17 unused Assets to reduce memory usage. Loaded Objects now: 1881.
Total: 4.059600 ms (FindLiveObjects: 0.309200 ms CreateObjectMapping: 0.069100 ms MarkObjects: 3.597900 ms  DeleteObjects: 0.082100 ms)

========================================================================
Received Prepare
Registering precompiled user dll's ...
Registered in 0.000636 seconds.
Begin MonoManager ReloadAssembly
Native extension for WindowsStandalone target not found
Refreshing native plugins compatible for Editor in 0.34 ms, found 0 plugins.
Preloading 0 native plugins for Editor in 0.00 ms.
Invoked RoslynAnalysisRunner static constructor.
RoslynAnalysisRunner will not be running.
RoslynAnalysisRunner has terminated.
Mono: successfully reloaded assembly
- Completed reload, in  0.843 seconds
Platform modules already initialized, skipping
Refreshing native plugins compatible for Editor in 0.41 ms, found 0 plugins.
Preloading 0 native plugins for Editor in 0.00 ms.
Unloading 1208 Unused Serialized files (Serialized files now loaded: 0)
System memory in use before: 63.4 MB.
System memory in use after: 63.5 MB.

Unloading 17 unused Assets to reduce memory usage. Loaded Objects now: 1884.
Total: 2.125600 ms (FindLiveObjects: 0.324700 ms CreateObjectMapping: 0.097300 ms MarkObjects: 1.663400 ms  DeleteObjects: 0.038900 ms)

AssetImportWorkerClient::OnTransportError - code=2 error=End of file
